M001 294 3220 1
M002 5138 1148 0
M003 2814 5040 0
M004 3528 1148 1
M005 5138 4004 0
M006 0 2338 0
M007 0 5726 1
M008 3724 0 1
M009 2744 0 0
M010 0 3220 0
M011 5866 3234 1
M012 1134 392 0
M013 2744 1764 1
M014 1862 2128 0
M015 756 4928 1
M016 5866 2436 0
M017 0 4928 1
M018 0 5334 0
M019 1134 0 1
M020 4522 4228 1
M021 5810 1610 0
M022 3528 4676 0
M023 3416 644 0
M024 0 3836 1
M025 4774 4228 1
M026 1596 4928 1
M027 1078 5334 1
M028 5138 5390 1
M029 2324 4928 0
M030 5138 2702 1
M031 5810 560 0
M032 1078 5698 0
M033 0 448 1
M034 5670 4060 0
M035 2352 0 1
M036 3528 4228 0
M037 4970 0 0
M038 0 0 1
M039 1918 5278 0
M040 1960 0 0
M041 2268 868 0
M042 966 0 0
M043 1358 1596 0
M044 2744 462 0
M045 2744 2030 0
M046 4550 644 0
M047 2268 2128 0
M048 966 868 0
M049 966 1596 0
