M001 2730 4396 1
M002 0 2604 1
M003 4116 2590 0
M004 3248 0 0
M005 994 910 1
M006 0 3290 0
M007 2870 2772 1
M008 0 1960 1
M009 3752 1610 1
M010 2254 3290 1
M011 5964 4382 1
M012 1092 5166 1
M013 0 5796 1
M014 3738 3598 1
M015 994 392 1
M016 1246 1442 0
M017 1862 3290 0
M018 2394 0 1
M019 1232 4172 0
M020 6104 1610 1
M021 1568 1442 1
M022 3752 2590 1
M023 0 0 1
M024 0 1694 0
M025 0 4172 0
M026 1568 1834 1
M027 2786 0 0
M028 1568 2212 1
M029 0 1204 1
M030 4662 3598 0
M031 3612 4004 1
M032 2296 1834 0
M033 4214 1610 0
M034 1498 5488 1
M035 994 0 0
M036 784 4172 1
M037 1554 2730 0
M038 1624 5040 1
M039 5964 3598 0
M040 1862 4214 1
M041 728 5166 0
M042 3080 840 0
M043 1848 0 1
M044 2254 3584 1
M045 3080 1610 0
M046 490 0 1
M047 1862 4606 1
M048 0 4494 1
M049 2870 3122 1
