M001 742 6552 1
M002 3584 1162 0
M003 2156 5544 0
M004 532 2562 1
M005 0 3654 0
M006 2520 4662 0
M007 658 1330 0
M008 3150 2716 1
M009 2604 2156 0
M010 0 8526 1
M011 0 2828 1
M012 1008 1330 1
M013 0 0 0
M014 0 5040 0
M015 3976 7420 0
M016 2156 0 0
M017 406 5642 0
M018 266 952 1
M019 2478 0 0
M020 2156 3094 1
M021 350 6398 0
M022 2870 798 0
M023 3850 0 1
M024 266 2030 1
M025 2786 1162 1
M026 0 5964 0
M027 2156 4550 0
M028 2408 3486 0
M029 798 5642 1
M030 0 7224 1
M031 1008 2170 1
M032 658 952 0
M033 266 0 0
M034 2842 8260 1
M035 798 6132 0
M036 3108 1162 1
M037 1442 952 1
M038 2156 2128 0
M039 3038 434 1
M040 3976 6552 0
M041 1792 5642 0
M042 2870 0 0
M043 1932 8260 0
M044 2156 826 0
M045 2926 3486 0
M046 728 8260 0
M047 3038 0 1
M048 3598 3360 1
M049 2408 3094 1
