M001 434 4886 1
M002 2940 2912 0
M003 0 8274 0
M004 532 0 0
M005 0 0 0
M006 994 10094 0
M007 2758 4466 1
M008 896 3010 1
M009 0 2548 0
M010 0 9282 1
M011 2856 9394 0
M012 2072 1610 1
M013 168 4312 0
M014 2142 2800 0
M015 1204 2002 0
M016 1890 7350 0
M017 1890 6594 0
M018 3220 9772 1
M019 1988 3850 1
M020 2576 8232 1
M021 2142 2408 1
M022 1610 2002 1
M023 2282 7742 0
M024 168 4984 1
M025 1288 4004 1
M026 1260 3654 1
M027 896 3654 0
M028 0 9576 1
M029 2282 9030 0
M030 168 3010 1
M031 2548 2800 0
M032 2282 6958 1
M033 0 7322 0
M034 1610 4242 1
M035 434 4494 0
M036 0 10094 0
M037 1064 9282 0
M038 0 10542 1
M039 2282 6594 1
M040 1204 1610 1
M041 2856 9772 0
M042 0 3010 0
M043 3066 6594 1
M044 2968 1610 0
M045 2828 8232 0
M046 0 1610 0
M047 0 2114 1
M048 168 6594 0
M049 2184 8232 0
