M001 2800 0 0
M002 2898 3682 0
M003 1764 0 1
M004 2898 5236 1
M005 0 2618 0
M006 2002 6902 1
M007 1988 2184 0
M008 0 7168 0
M009 2338 2184 1
M010 0 8414 1
M011 630 5754 0
M012 1596 5404 0
M013 1624 2184 0
M014 630 5348 1
M015 784 6132 1
M016 1652 6552 0
M017 2394 5404 0
M018 0 5306 1
M019 1624 6160 1
M020 0 798 1
M021 1218 560 0
M022 266 728 0
M023 784 8316 0
M024 0 0 1
M025 1582 5810 0
M026 266 0 0
M027 266 1092 1
M028 1106 1386 0
M029 2898 8316 1
M030 3570 3234 1
M031 532 2618 1
M032 0 6384 1
M033 630 3458 1
M034 616 0 1
M035 1596 2856 1
M036 1988 3234 0
M037 784 7756 0
M038 630 3010 1
M039 784 6538 0
M040 392 6132 0
M041 1596 3710 0
M042 616 560 1
M043 1960 3710 0
M044 0 4004 0
M045 266 1456 0
M046 1148 6552 1
M047 1960 4242 1
M048 1596 4676 0
M049 2450 6160 0
