M001 364 8358 1
M002 2926 5068 0
M003 742 5740 0
M004 448 6748 0
M005 0 2744 0
M006 2716 3206 1
M007 0 5348 0
M008 2548 1120 0
M009 406 0 0
M010 0 10430 1
M011 1162 2744 1
M012 3010 0 1
M013 2646 5068 0
M014 560 4774 1
M015 0 0 0
M016 2688 0 0
M017 0 6216 0
M018 1540 3206 0
M019 2716 10066 1
M020 2296 728 1
M021 3192 1120 0
M022 0 7938 1
M023 1610 1680 1
M024 1862 4592 0
M025 2688 798 0
M026 392 5712 0
M027 0 10066 1
M028 840 10066 1
M029 1862 3598 0
M030 1386 0 0
M031 0 1694 0
M032 2100 1680 1
M033 406 728 0
M034 406 2184 1
M035 0 840 1
M036 2478 2366 0
M037 0 4130 1
M038 0 6972 0
M039 0 8890 0
M040 1610 2814 1
M041 2352 3598 0
M042 1904 10066 1
M043 560 5180 0
M044 532 2744 0
M045 1484 4858 1
M046 406 1680 0
M047 1904 10234 1
M048 560 4046 0
M049 2478 2814 1
